0 info it worked if it ends with ok
1 verbose cli [ 'C:\\ProgramData\\nvm\\v7.2.0\\node.exe',
1 verbose cli   'C:\\ProgramData\\nvm\\v7.2.0\\node_modules\\npm\\bin\\npm-cli.js',
1 verbose cli   'run',
1 verbose cli   'watch' ]
2 info using npm@3.10.9
3 info using node@v7.2.0
4 verbose run-script [ 'prewatch', 'watch', 'postwatch' ]
5 info lifecycle todo-app@1.0.0~prewatch: todo-app@1.0.0
6 silly lifecycle todo-app@1.0.0~prewatch: no script for prewatch, continuing
7 info lifecycle todo-app@1.0.0~watch: todo-app@1.0.0
8 verbose lifecycle todo-app@1.0.0~watch: unsafe-perm in lifecycle true
9 verbose lifecycle todo-app@1.0.0~watch: PATH: C:\ProgramData\nvm\v7.2.0\node_modules\npm\bin\node-gyp-bin;C:\dev\todo-app\node_modules\.bin;C:\Program Files\Git\mingw64\bin;C:\Program Files\Git\usr\bin;C:\Users\Eric.Peeters\bin;C:\Program Files (x86)\Intel\iCLS Client;C:\Program Files\Intel\iCLS Client;C:\Python27;C:\Python27\Scripts;C:\ProgramData\Oracle\Java\javapath;C:\Windows\system32;C:\Windows;C:\Windows\System32\Wbem;C:\Windows\System32\WindowsPowerShell\v1.0;C:\ProgramData\chocolatey\bin;C:\ProgramData\nvm;C:\ProgramData\nvm\v7.2.0;C:\Program Files\Java\jdk1.8.0_152\bin;C:\Program Files (x86)\Microsoft SQL Server\140\Tools\Binn;C:\Program Files\Microsoft SQL Server\140\Tools\Binn;C:\Program Files (x86)\Microsoft SQL Server\140\DTS\Binn;C:\Program Files\Microsoft SQL Server\140\DTS\Binn;C:\Program Files\Microsoft SQL Server\Client SDK\ODBC\130\Tools\Binn;C:\Program Files (x86)\Microsoft SQL Server\Client SDK\ODBC\130\Tools\Binn;C:\Program Files (x86)\Microsoft SQL Server\140\Tools\Binn\ManagementStudio;C:\Program Files\Microsoft SQL Server\130\Tools\Binn;C:\Program Files\dotnet;C:\Windows\system32\config\systemprofile\.dnx\bin;C:\Program Files\Microsoft DNX\Dnvm;C:\Program Files\Microsoft SQL Server\120\Tools\Binn;C:\Program Files (x86)\Intel\Intel(R) Management Engine Components\DAL;C:\Program Files\Intel\Intel(R) Management Engine Components\DAL;C:\Program Files (x86)\Intel\Intel(R) Management Engine Components\IPT;C:\Program Files\Intel\Intel(R) Management Engine Components\IPT;C:\Program Files\Microsoft\Web Platform Installer;C:\Program Files\PuTTY;C:\Program Files\nodejs;C:\Program Files (x86)\Yarn\bin;C:\Program Files\Git\cmd;C:\Program Files\Microsoft VS Code Insiders\bin;C:\Users\Eric.Peeters\AppData\Local\Microsoft\WindowsApps;C:\Program Files\Microsoft VS Code Insiders\bin;C:\Users\Eric.Peeters\AppData\Local\Programs\Fiddler;C:\Users\Eric.Peeters\AppData\Roaming\npm;C:\Users\Eric.Peeters\AppData\Local\Yarn\bin;C:\Python36;C:\Users\Eric.Peeters\AppData\Local\atom\bin
10 verbose lifecycle todo-app@1.0.0~watch: CWD: C:\dev\todo-app
11 silly lifecycle todo-app@1.0.0~watch: Args: [ '/d /s /c',
11 silly lifecycle   'webpack --config webpack.config.js --watch --progress' ]
12 silly lifecycle todo-app@1.0.0~watch: Returned: code: 3221225786  signal: null
13 info lifecycle todo-app@1.0.0~watch: Failed to exec watch script
14 verbose stack Error: todo-app@1.0.0 watch: `webpack --config webpack.config.js --watch --progress`
14 verbose stack Exit status 3221225786
14 verbose stack     at EventEmitter.<anonymous> (C:\ProgramData\nvm\v7.2.0\node_modules\npm\lib\utils\lifecycle.js:255:16)
14 verbose stack     at emitTwo (events.js:106:13)
14 verbose stack     at EventEmitter.emit (events.js:191:7)
14 verbose stack     at ChildProcess.<anonymous> (C:\ProgramData\nvm\v7.2.0\node_modules\npm\lib\utils\spawn.js:40:14)
14 verbose stack     at emitTwo (events.js:106:13)
14 verbose stack     at ChildProcess.emit (events.js:191:7)
14 verbose stack     at maybeClose (internal/child_process.js:885:16)
14 verbose stack     at Process.ChildProcess._handle.onexit (internal/child_process.js:226:5)
15 verbose pkgid todo-app@1.0.0
16 verbose cwd C:\dev\todo-app
17 error Windows_NT 10.0.16299
18 error argv "C:\\ProgramData\\nvm\\v7.2.0\\node.exe" "C:\\ProgramData\\nvm\\v7.2.0\\node_modules\\npm\\bin\\npm-cli.js" "run" "watch"
19 error node v7.2.0
20 error npm  v3.10.9
21 error code ELIFECYCLE
22 error todo-app@1.0.0 watch: `webpack --config webpack.config.js --watch --progress`
22 error Exit status 3221225786
23 error Failed at the todo-app@1.0.0 watch script 'webpack --config webpack.config.js --watch --progress'.
23 error Make sure you have the latest version of node.js and npm installed.
23 error If you do, this is most likely a problem with the todo-app package,
23 error not with npm itself.
23 error Tell the author that this fails on your system:
23 error     webpack --config webpack.config.js --watch --progress
23 error You can get information on how to open an issue for this project with:
23 error     npm bugs todo-app
23 error Or if that isn't available, you can get their info via:
23 error     npm owner ls todo-app
23 error There is likely additional logging output above.
24 verbose exit [ 1, true ]
